This file contains any messages produced by compilers while
running configure, to aid debugging if configure makes a mistake.

It was created by configure, which was
generated by GNU Autoconf 2.69.  Invocation command line was

  $ ./configure --with-php-config=/usr/local/php7-ext/bin/php-config

## --------- ##
## Platform. ##
## --------- ##

hostname = ubuntu-16-04
uname -m = x86_64
uname -r = 4.10.0-28-generic
uname -s = Linux
uname -v = #32~16.04.2-Ubuntu SMP Thu Jul 20 10:19:48 UTC 2017

/usr/bin/uname -p = unknown
/bin/uname -X     = unknown

/bin/arch              = unknown
/usr/bin/arch -k       = unknown
/usr/convex/getsysinfo = unknown
/usr/bin/hostinfo      = unknown
/bin/machine           = unknown
/usr/bin/oslevel       = unknown
/bin/universe          = unknown

PATH: /usr/local/sbin
PATH: /usr/local/bin
PATH: /usr/sbin
PATH: /usr/bin
PATH: /sbin
PATH: /bin
PATH: /snap/bin


## ----------- ##
## Core tests. ##
## ----------- ##

configure:2306: checking for grep that handles long lines and -e
configure:2364: result: /bin/grep
configure:2369: checking for egrep
configure:2431: result: /bin/grep -E
configure:2436: checking for a sed that does not truncate output
configure:2490: result: /bin/sed
configure:2627: checking for cc
configure:2643: found /usr/bin/cc
configure:2654: result: cc
configure:2685: checking for C compiler version
configure:2694: cc --version >&5
cc (Ubuntu 5.4.0-6ubuntu1~16.04.11) 5.4.0 20160609
Copyright (C) 2015 Free Software Foundation, Inc.
This is free software; see the source for copying conditions.  There is NO
warranty; not even for MERCHANTABILITY or FITNESS FOR A PARTICULAR PURPOSE.

configure:2705: $? = 0
configure:2694: cc -v >&5
Using built-in specs.
COLLECT_GCC=cc
COLLECT_LTO_WRAPPER=/usr/lib/gcc/x86_64-linux-gnu/5/lto-wrapper
Target: x86_64-linux-gnu
Configured with: ../src/configure -v --with-pkgversion='Ubuntu 5.4.0-6ubuntu1~16.04.11' --with-bugurl=file:///usr/share/doc/gcc-5/README.Bugs --enable-languages=c,ada,c++,java,go,d,fortran,objc,obj-c++ --prefix=/usr --program-suffix=-5 --enable-shared --enable-linker-build-id --libexecdir=/usr/lib --without-included-gettext --enable-threads=posix --libdir=/usr/lib --enable-nls --with-sysroot=/ --enable-clocale=gnu --enable-libstdcxx-debug --enable-libstdcxx-time=yes --with-default-libstdcxx-abi=new --enable-gnu-unique-object --disable-vtable-verify --enable-libmpx --enable-plugin --with-system-zlib --disable-browser-plugin --enable-java-awt=gtk --enable-gtk-cairo --with-java-home=/usr/lib/jvm/java-1.5.0-gcj-5-amd64/jre --enable-java-home --with-jvm-root-dir=/usr/lib/jvm/java-1.5.0-gcj-5-amd64 --with-jvm-jar-dir=/usr/lib/jvm-exports/java-1.5.0-gcj-5-amd64 --with-arch-directory=amd64 --with-ecj-jar=/usr/share/java/eclipse-ecj.jar --enable-objc-gc --enable-multiarch --disable-werror --with-arch-32=i686 --with-abi=m64 --with-multilib-list=m32,m64,mx32 --enable-multilib --with-tune=generic --enable-checking=release --build=x86_64-linux-gnu --host=x86_64-linux-gnu --target=x86_64-linux-gnu
Thread model: posix
gcc version 5.4.0 20160609 (Ubuntu 5.4.0-6ubuntu1~16.04.11) 
configure:2705: $? = 0
configure:2694: cc -V >&5
cc: error: unrecognized command line option '-V'
cc: fatal error: no input files
compilation terminated.
configure:2705: $? = 1
configure:2694: cc -qversion >&5
cc: error: unrecognized command line option '-qversion'
cc: fatal error: no input files
compilation terminated.
configure:2705: $? = 1
configure:2725: checking whether the C compiler works
configure:2747: cc    conftest.c  >&5
configure:2751: $? = 0
configure:2799: result: yes
configure:2802: checking for C compiler default output file name
configure:2804: result: a.out
configure:2810: checking for suffix of executables
configure:2817: cc -o conftest    conftest.c  >&5
configure:2821: $? = 0
configure:2843: result: 
configure:2865: checking whether we are cross compiling
configure:2873: cc -o conftest    conftest.c  >&5
configure:2877: $? = 0
configure:2884: ./conftest
configure:2888: $? = 0
configure:2903: result: no
configure:2908: checking for suffix of object files
configure:2930: cc -c   conftest.c >&5
configure:2934: $? = 0
configure:2955: result: o
configure:2959: checking whether we are using the GNU C compiler
configure:2978: cc -c   conftest.c >&5
configure:2978: $? = 0
configure:2987: result: yes
configure:2996: checking whether cc accepts -g
configure:3016: cc -c -g  conftest.c >&5
configure:3016: $? = 0
configure:3057: result: yes
configure:3074: checking for cc option to accept ISO C89
configure:3137: cc  -c -g -O2  conftest.c >&5
configure:3137: $? = 0
configure:3150: result: none needed
configure:3176: checking how to run the C preprocessor
configure:3207: cc -E  conftest.c
configure:3207: $? = 0
configure:3221: cc -E  conftest.c
conftest.c:9:28: fatal error: ac_nonexistent.h: No such file or directory
compilation terminated.
configure:3221: $? = 1
configure: failed program was:
| /* confdefs.h */
| #define PACKAGE_NAME ""
| #define PACKAGE_TARNAME ""
| #define PACKAGE_VERSION ""
| #define PACKAGE_STRING ""
| #define PACKAGE_BUGREPORT ""
| #define PACKAGE_URL ""
| /* end confdefs.h.  */
| #include <ac_nonexistent.h>
configure:3246: result: cc -E
configure:3266: cc -E  conftest.c
configure:3266: $? = 0
configure:3280: cc -E  conftest.c
conftest.c:9:28: fatal error: ac_nonexistent.h: No such file or directory
compilation terminated.
configure:3280: $? = 1
configure: failed program was:
| /* confdefs.h */
| #define PACKAGE_NAME ""
| #define PACKAGE_TARNAME ""
| #define PACKAGE_VERSION ""
| #define PACKAGE_STRING ""
| #define PACKAGE_BUGREPORT ""
| #define PACKAGE_URL ""
| /* end confdefs.h.  */
| #include <ac_nonexistent.h>
configure:3311: checking for icc
configure:3320: result: no
configure:3334: checking for suncc
configure:3343: result: no
configure:3361: checking whether cc understands -c and -o together
configure:3389: cc -c conftest.c -o conftest2.o >&5
configure:3393: $? = 0
configure:3399: cc -c conftest.c -o conftest2.o >&5
configure:3403: $? = 0
configure:3458: result: yes
configure:3472: checking for system library directory
configure:3487: result: lib
configure:3494: checking if compiler supports -R
configure:3513: cc -o conftest -g -O2   conftest.c -R /usr/lib  >&5
cc: error: unrecognized command line option '-R'
configure:3513: $? = 1
configure: failed program was:
| /* confdefs.h */
| #define PACKAGE_NAME ""
| #define PACKAGE_TARNAME ""
| #define PACKAGE_VERSION ""
| #define PACKAGE_STRING ""
| #define PACKAGE_BUGREPORT ""
| #define PACKAGE_URL ""
| /* end confdefs.h.  */
| 
| int
| main ()
| {
| 
|   ;
|   return 0;
| }
configure:3523: result: no
configure:3528: checking if compiler supports -Wl,-rpath,
configure:3547: cc -o conftest -g -O2   conftest.c -Wl,-rpath,/usr/lib  >&5
configure:3547: $? = 0
configure:3557: result: yes
configure:3602: checking build system type
configure:3616: result: x86_64-unknown-linux-gnu
configure:3636: checking host system type
configure:3649: result: x86_64-unknown-linux-gnu
configure:3669: checking target system type
configure:3682: result: x86_64-unknown-linux-gnu
configure:3785: checking for PHP prefix
configure:3787: result: /usr/local/php7-ext
configure:3789: checking for PHP includes
configure:3791: result: -I/usr/local/php7-ext/include/php -I/usr/local/php7-ext/include/php/main -I/usr/local/php7-ext/include/php/TSRM -I/usr/local/php7-ext/include/php/Zend -I/usr/local/php7-ext/include/php/ext -I/usr/local/php7-ext/include/php/ext/date/lib
configure:3793: checking for PHP extension directory
configure:3795: result: /usr/local/php7-ext/lib/php/extensions/no-debug-non-zts-20170718
configure:3797: checking for PHP installed headers prefix
configure:3799: result: /usr/local/php7-ext/include/php
configure:3802: checking if debug is enabled
configure:3828: result: no
configure:3831: checking if zts is enabled
configure:3857: result: no
configure:3928: checking for re2c
configure:3958: result: no
configure:3983: WARNING: You will need re2c 0.13.4 or later if you want to regenerate PHP parsers.
configure:3997: checking for gawk
configure:4028: result: no
configure:3997: checking for nawk
configure:4014: found /usr/bin/nawk
configure:4025: result: nawk
configure:4048: checking if nawk is broken
configure:4055: result: no
configure:4073: checking whether to enable Eggplant support
configure:4112: result: yes, shared
configure:4465: checking for ld used by cc
configure:4532: result: /usr/bin/ld
configure:4539: checking if the linker (/usr/bin/ld) is GNU ld
configure:4554: result: yes
configure:4559: checking for /usr/bin/ld option to reload object files
configure:4566: result: -r
configure:4584: checking for BSD-compatible nm
configure:4633: result: /usr/bin/nm -B
configure:4637: checking whether ln -s works
configure:4641: result: yes
configure:4648: checking how to recognize dependent libraries
configure:4834: result: pass_all
configure:4919: cc -c -g -O2  conftest.c >&5
configure:4922: $? = 0
configure:5052: checking for ANSI C header files
configure:5072: cc -c -g -O2  conftest.c >&5
configure:5072: $? = 0
configure:5145: cc -o conftest -g -O2   conftest.c  >&5
configure:5145: $? = 0
configure:5145: ./conftest
configure:5145: $? = 0
configure:5156: result: yes
configure:5169: checking for sys/types.h
configure:5169: cc -c -g -O2  conftest.c >&5
configure:5169: $? = 0
configure:5169: result: yes
configure:5169: checking for sys/stat.h
configure:5169: cc -c -g -O2  conftest.c >&5
configure:5169: $? = 0
configure:5169: result: yes
configure:5169: checking for stdlib.h
configure:5169: cc -c -g -O2  conftest.c >&5
configure:5169: $? = 0
configure:5169: result: yes
configure:5169: checking for string.h
configure:5169: cc -c -g -O2  conftest.c >&5
configure:5169: $? = 0
configure:5169: result: yes
configure:5169: checking for memory.h
configure:5169: cc -c -g -O2  conftest.c >&5
configure:5169: $? = 0
configure:5169: result: yes
configure:5169: checking for strings.h
configure:5169: cc -c -g -O2  conftest.c >&5
configure:5169: $? = 0
configure:5169: result: yes
configure:5169: checking for inttypes.h
configure:5169: cc -c -g -O2  conftest.c >&5
configure:5169: $? = 0
configure:5169: result: yes
configure:5169: checking for stdint.h
configure:5169: cc -c -g -O2  conftest.c >&5
configure:5169: $? = 0
configure:5169: result: yes
configure:5169: checking for unistd.h
configure:5169: cc -c -g -O2  conftest.c >&5
configure:5169: $? = 0
configure:5169: result: yes
configure:5183: checking dlfcn.h usability
configure:5183: cc -c -g -O2  conftest.c >&5
configure:5183: $? = 0
configure:5183: result: yes
configure:5183: checking dlfcn.h presence
configure:5183: cc -E  conftest.c
configure:5183: $? = 0
configure:5183: result: yes
configure:5183: checking for dlfcn.h
configure:5183: result: yes
configure:5205: checking the maximum length of command line arguments
configure:5317: result: 1572864
configure:5329: checking command to parse /usr/bin/nm -B output from cc object
configure:5434: cc -c -g -O2  conftest.c >&5
configure:5437: $? = 0
configure:5441: /usr/bin/nm -B conftest.o \| sed -n -e 's/^.*[ 	]\([ABCDGIRSTW][ABCDGIRSTW]*\)[ 	][ 	]*\([_A-Za-z][_A-Za-z0-9]*\)$/\1 \2 \2/p' \> conftest.nm
configure:5444: $? = 0
configure:5496: cc -o conftest -g -O2   conftest.c conftstm.o >&5
configure:5499: $? = 0
configure:5537: result: ok
configure:5541: checking for objdir
configure:5556: result: .libs
configure:5648: checking for ar
configure:5664: found /usr/bin/ar
configure:5675: result: ar
configure:5740: checking for ranlib
configure:5756: found /usr/bin/ranlib
configure:5767: result: ranlib
configure:5832: checking for strip
configure:5848: found /usr/bin/strip
configure:5859: result: strip
configure:6428: checking if cc supports -fno-rtti -fno-exceptions
configure:6446: cc -c -g -O2  -fno-rtti -fno-exceptions conftest.c >&5
cc1: warning: command line option '-fno-rtti' is valid for C++/ObjC++ but not for C
configure:6450: $? = 0
configure:6463: result: no
configure:6478: checking for cc option to produce PIC
configure:6718: result: -fPIC
configure:6726: checking if cc PIC flag -fPIC works
configure:6744: cc -c -g -O2  -fPIC -DPIC conftest.c >&5
configure:6748: $? = 0
configure:6761: result: yes
configure:6789: checking if cc static flag -static works
configure:6817: result: yes
configure:6827: checking if cc supports -c -o file.o
configure:6848: cc -c -g -O2  -o out/conftest2.o conftest.c >&5
configure:6852: $? = 0
configure:6874: result: yes
configure:6900: checking whether the cc linker (/usr/bin/ld -m elf_x86_64) supports shared libraries
configure:7828: result: yes
configure:7849: checking whether -lc should be explicitly linked in
configure:7854: cc -c -g -O2  conftest.c >&5
configure:7857: $? = 0
configure:7872: cc -shared conftest.o  -v -Wl,-soname -Wl,conftest -o conftest 2\>\&1 \| grep  -lc  \>/dev/null 2\>\&1
configure:7875: $? = 0
configure:7887: result: no
configure:7895: checking dynamic linker characteristics
configure:8493: result: GNU/Linux ld.so
configure:8517: checking how to hardcode library paths into programs
configure:8542: result: immediate
configure:8556: checking whether stripping libraries is possible
configure:8561: result: yes
configure:9078: checking if libtool supports shared libraries
configure:9080: result: yes
configure:9083: checking whether to build shared libraries
configure:9104: result: yes
configure:9107: checking whether to build static libraries
configure:9111: result: no
configure:9206: result:
creating libtool
configure:12904: creating ./config.status

## ---------------------- ##
## Running config.status. ##
## ---------------------- ##

This file was extended by config.status, which was
generated by GNU Autoconf 2.69.  Invocation command line was

  CONFIG_FILES    = 
  CONFIG_HEADERS  = 
  CONFIG_LINKS    = 
  CONFIG_COMMANDS = 
  $ ./config.status 

on ubuntu-16-04

config.status:676: creating config.h
config.status:766: config.h is unchanged

## ---------------- ##
## Cache variables. ##
## ---------------- ##

ac_cv_build=x86_64-unknown-linux-gnu
ac_cv_c_compiler_gnu=yes
ac_cv_env_CC_set=
ac_cv_env_CC_value=
ac_cv_env_CFLAGS_set=
ac_cv_env_CFLAGS_value=
ac_cv_env_CPPFLAGS_set=
ac_cv_env_CPPFLAGS_value=
ac_cv_env_CPP_set=
ac_cv_env_CPP_value=
ac_cv_env_LDFLAGS_set=
ac_cv_env_LDFLAGS_value=
ac_cv_env_LIBS_set=
ac_cv_env_LIBS_value=
ac_cv_env_build_alias_set=
ac_cv_env_build_alias_value=
ac_cv_env_host_alias_set=
ac_cv_env_host_alias_value=
ac_cv_env_target_alias_set=
ac_cv_env_target_alias_value=
ac_cv_header_dlfcn_h=yes
ac_cv_header_inttypes_h=yes
ac_cv_header_memory_h=yes
ac_cv_header_stdc=yes
ac_cv_header_stdint_h=yes
ac_cv_header_stdlib_h=yes
ac_cv_header_string_h=yes
ac_cv_header_strings_h=yes
ac_cv_header_sys_stat_h=yes
ac_cv_header_sys_types_h=yes
ac_cv_header_unistd_h=yes
ac_cv_host=x86_64-unknown-linux-gnu
ac_cv_objext=o
ac_cv_path_EGREP='/bin/grep -E'
ac_cv_path_GREP=/bin/grep
ac_cv_prog_AWK=nawk
ac_cv_prog_CPP='cc -E'
ac_cv_prog_ac_ct_AR=ar
ac_cv_prog_ac_ct_CC=cc
ac_cv_prog_ac_ct_RANLIB=ranlib
ac_cv_prog_ac_ct_STRIP=strip
ac_cv_prog_cc_c89=
ac_cv_prog_cc_cc_c_o=yes
ac_cv_prog_cc_g=yes
ac_cv_target=x86_64-unknown-linux-gnu
lt_cv_deplibs_check_method=pass_all
lt_cv_file_magic_cmd='$MAGIC_CMD'
lt_cv_file_magic_test_file=
lt_cv_ld_reload_flag=-r
lt_cv_objdir=.libs
lt_cv_path_LD=/usr/bin/ld
lt_cv_path_NM='/usr/bin/nm -B'
lt_cv_path_SED=/bin/sed
lt_cv_prog_compiler_c_o=yes
lt_cv_prog_compiler_pic_works=yes
lt_cv_prog_compiler_rtti_exceptions=no
lt_cv_prog_compiler_static_works=yes
lt_cv_prog_gnu_ld=yes
lt_cv_sys_global_symbol_pipe='sed -n -e '\''s/^.*[ 	]\([ABCDGIRSTW][ABCDGIRSTW]*\)[ 	][ 	]*\([_A-Za-z][_A-Za-z0-9]*\)$/\1 \2 \2/p'\'''
lt_cv_sys_global_symbol_to_c_name_address='sed -n -e '\''s/^: \([^ ]*\) $/  {\"\1\", (lt_ptr) 0},/p'\'' -e '\''s/^[BCDEGRST] \([^ ]*\) \([^ ]*\)$/  {"\2", (lt_ptr) \&\2},/p'\'''
lt_cv_sys_global_symbol_to_cdecl='sed -n -e '\''s/^. .* \(.*\)$/extern int \1;/p'\'''
lt_cv_sys_lib_dlsearch_path_spec='/lib /usr/lib /usr/lib/x86_64-linux-gnu/libfakeroot /lib/i386-linux-gnu /usr/lib/i386-linux-gnu /lib/i686-linux-gnu /usr/lib/i686-linux-gnu /usr/local/lib /lib/x86_64-linux-gnu /usr/lib/x86_64-linux-gnu /usr/lib/x86_64-linux-gnu/mesa-egl /usr/lib/x86_64-linux-gnu/mesa '
lt_cv_sys_lib_search_path_spec='/usr/lib/gcc/x86_64-linux-gnu/5 /usr/lib/x86_64-linux-gnu /usr/lib /lib/x86_64-linux-gnu /lib'
lt_cv_sys_max_cmd_len=1572864
lt_lt_cv_prog_compiler_c_o='"yes"'
lt_lt_cv_sys_global_symbol_pipe='"sed -n -e '\''s/^.*[ 	]\\([ABCDGIRSTW][ABCDGIRSTW]*\\)[ 	][ 	]*\\([_A-Za-z][_A-Za-z0-9]*\\)\$/\\1 \\2 \\2/p'\''"'
lt_lt_cv_sys_global_symbol_to_c_name_address='"sed -n -e '\''s/^: \\([^ ]*\\) \$/  {\\\"\\1\\\", (lt_ptr) 0},/p'\'' -e '\''s/^[BCDEGRST] \\([^ ]*\\) \\([^ ]*\\)\$/  {\"\\2\", (lt_ptr) \\&\\2},/p'\''"'
lt_lt_cv_sys_global_symbol_to_cdecl='"sed -n -e '\''s/^. .* \\(.*\\)\$/extern int \\1;/p'\''"'
php_cv_cc_dashr=no
php_cv_cc_rpath=yes

## ----------------- ##
## Output variables. ##
## ----------------- ##

AR='ar'
AWK='nawk'
CC='cc'
CFLAGS='-g -O2'
CONFIGURE_COMMAND=' '\''./configure'\''  '\''--with-php-config=/usr/local/php7-ext/bin/php-config'\'''
CONFIGURE_OPTIONS=' '\''--with-php-config=/usr/local/php7-ext/bin/php-config'\'''
CPP='cc -E'
CPPFLAGS=' -DHAVE_CONFIG_H'
DEFS='-DHAVE_CONFIG_H'
DSYMUTIL=''
ECHO='echo'
ECHO_C=''
ECHO_N='-n'
ECHO_T=''
EGREP='/bin/grep -E'
EXEEXT=''
GREP='/bin/grep'
LDFLAGS=''
LIBOBJS=''
LIBS=''
LIBTOOL='$(SHELL) $(top_builddir)/libtool'
LN_S='ln -s'
LTLIBOBJS=''
NMEDIT=''
OBJEXT='o'
PACKAGE_BUGREPORT=''
PACKAGE_NAME=''
PACKAGE_STRING=''
PACKAGE_TARNAME=''
PACKAGE_URL=''
PACKAGE_VERSION=''
PATH_SEPARATOR=':'
RANLIB='ranlib'
RE2C='exit 0;'
SED='/bin/sed'
SHELL='/bin/bash'
SHLIB_DL_SUFFIX_NAME='so'
SHLIB_SUFFIX_NAME='so'
STRIP='strip'
ac_ct_CC='cc'
bindir='${exec_prefix}/bin'
build='x86_64-unknown-linux-gnu'
build_alias=''
build_cpu='x86_64'
build_os='linux-gnu'
build_vendor='unknown'
datadir='${datarootdir}'
datarootdir='${prefix}/share'
docdir='${datarootdir}/doc/${PACKAGE}'
dvidir='${docdir}'
exec_prefix='$(prefix)'
host='x86_64-unknown-linux-gnu'
host_alias='x86_64-unknown-linux-gnu'
host_cpu='x86_64'
host_os='linux-gnu'
host_vendor='unknown'
htmldir='${docdir}'
includedir='${prefix}/include'
infodir='${datarootdir}/info'
libdir='${exec_prefix}/lib'
libexecdir='${exec_prefix}/libexec'
localedir='${datarootdir}/locale'
localstatedir='${prefix}/var'
mandir='${datarootdir}/man'
oldincludedir='/usr/include'
pdfdir='${docdir}'
prefix='/usr/local/php7-ext'
program_transform_name='s,x,x,'
psdir='${docdir}'
runstatedir='${localstatedir}/run'
sbindir='${exec_prefix}/sbin'
sharedstatedir='${prefix}/com'
sysconfdir='${prefix}/etc'
target='x86_64-unknown-linux-gnu'
target_alias=''
target_cpu='x86_64'
target_os='linux-gnu'
target_vendor='unknown'

## ----------- ##
## confdefs.h. ##
## ----------- ##

/* confdefs.h */
#define PACKAGE_NAME ""
#define PACKAGE_TARNAME ""
#define PACKAGE_VERSION ""
#define PACKAGE_STRING ""
#define PACKAGE_BUGREPORT ""
#define PACKAGE_URL ""
#define COMPILE_DL_EGGPLANT 1
#define STDC_HEADERS 1
#define HAVE_SYS_TYPES_H 1
#define HAVE_SYS_STAT_H 1
#define HAVE_STDLIB_H 1
#define HAVE_STRING_H 1
#define HAVE_MEMORY_H 1
#define HAVE_STRINGS_H 1
#define HAVE_INTTYPES_H 1
#define HAVE_STDINT_H 1
#define HAVE_UNISTD_H 1
#define HAVE_DLFCN_H 1

configure: exit 0
